<?xml version="1.0" encoding="UTF-8"?>
<testsuite xmlns:xsi="http://www.w3.org/2001/XMLSchema-instance" xsi:noNamespaceSchemaLocation="https://maven.apache.org/surefire/maven-surefire-plugin/xsd/surefire-test-report-3.0.xsd" version="3.0" name="com.projectx.auth.service.OrderCancellationTest" time="28.825" tests="2" errors="0" skipped="0" failures="0">
  <properties>
[...]
</properties>
  <testcase name="cancelOrder_InvalidStatus_Exception" classname="com.projectx.auth.service.OrderCancellationTest" time="0.186">
    <system-out><![CDATA[Standard Commons Logging discovery in action with spring-jcl: please remove commons-logging.jar from classpath in order to avoid potential conflicts
12:38:21.824 [main] INFO org.springframework.test.context.support.AnnotationConfigContextLoaderUtils -- Could not detect default configuration classes for test class [com.projectx.auth.service.OrderCancellationTest]: OrderCancellationTest does not declare any static, non-private, non-final, nested classes annotated with @Configuration.
12:38:22.265 [main] INFO org.springframework.boot.test.context.SpringBootTestContextBootstrapper -- Found @SpringBootConfiguration com.projectx.auth.AuthApplication for test class com.projectx.auth.service.OrderCancellationTest

  .   ____          _            __ _ _
 /\\ / ___'_ __ _ _(_)_ __  __ _ \ \ \ \
( ( )\___ | '_ | '_| | '_ \/ _` | \ \ \ \
 \\/  ___)| |_)| | | | | || (_| |  ) ) ) )
  '  |____| .__|_| |_|_| |_\__, | / / / /
 =========|_|==============|___/=/_/_/_/

 :: Spring Boot ::                (v3.4.0)

2026-09-21T12:38:23.210+09:00  INFO 17954 --- [auth-service] [           main] c.p.auth.service.OrderCancellationTest   : Starting OrderCancellationTest using Java 21.0.12 with PID 17954 (started by hjuk in /mnt/d/Program Files/Developer/portfolioproject/portfolio/shoppingmall/backend)
2026-09-21T12:38:23.212+09:00  INFO 17954 --- [auth-service] [           main] c.p.auth.service.OrderCancellationTest   : No active profile set, falling back to 1 default profile: "default"
2026-09-21T12:38:26.084+09:00  INFO 17954 --- [auth-service] [           main] .s.d.r.c.RepositoryConfigurationDelegate : Multiple Spring Data modules found, entering strict repository configuration mode
2026-09-21T12:38:26.088+09:00  INFO 17954 --- [auth-service] [           main] .s.d.r.c.RepositoryConfigurationDelegate : Bootstrapping Spring Data JPA repositories in DEFAULT mode.
2026-09-21T12:38:26.721+09:00  INFO 17954 --- [auth-service] [           main] .s.d.r.c.RepositoryConfigurationDelegate : Finished Spring Data repository scanning in 619 ms. Found 10 JPA repository interfaces.
2026-09-21T12:38:30.766+09:00  INFO 17954 --- [auth-service] [           main] o.hibernate.jpa.internal.util.LogHelper  : HHH000204: Processing PersistenceUnitInfo [name: default]
2026-09-21T12:38:32.277+09:00  INFO 17954 --- [auth-service] [           main] org.hibernate.Version                    : HHH000412: Hibernate ORM core version 6.6.2.Final
2026-09-21T12:38:32.386+09:00  INFO 17954 --- [auth-service] [           main] o.h.c.internal.RegionFactoryInitiator    : HHH000026: Second-level cache disabled
2026-09-21T12:38:36.578+09:00  INFO 17954 --- [auth-service] [           main] o.s.o.j.p.SpringPersistenceUnitInfo      : No LoadTimeWeaver setup: ignoring JPA class transformer
2026-09-21T12:38:37.220+09:00  INFO 17954 --- [auth-service] [           main] com.zaxxer.hikari.HikariDataSource       : HikariPool-1 - Starting...
2026-09-21T12:38:40.144+09:00  INFO 17954 --- [auth-service] [           main] com.zaxxer.hikari.pool.HikariPool        : HikariPool-1 - Added connection conn0: url=jdbc:h2:file:./data/shoppingdb user=SA
2026-09-21T12:38:40.150+09:00  INFO 17954 --- [auth-service] [           main] com.zaxxer.hikari.HikariDataSource       : HikariPool-1 - Start completed.
2026-09-21T12:38:40.276+09:00  INFO 17954 --- [auth-service] [           main] org.hibernate.orm.connections.pooling    : HHH10001005: Database info:
	Database JDBC URL [Connecting through datasource 'HikariDataSource (HikariPool-1)']
	Database driver: undefined/unknown
	Database version: 2.3.232
	Autocommit mode: undefined/unknown
	Isolation level: undefined/unknown
	Minimum pool size: undefined/unknown
	Maximum pool size: undefined/unknown
2026-09-21T12:38:42.438+09:00  INFO 17954 --- [auth-service] [           main] o.h.e.t.j.p.i.JtaPlatformInitiator       : HHH000489: No JTA platform available (set 'hibernate.transaction.jta.platform' to enable JTA platform integration)
Hibernate: 
    alter table if exists public.social_accounts 
       drop constraint if exists UKor4mt9h1be15geitov4le5ofd
Hibernate: 
    alter table if exists public.social_accounts 
       add constraint UKor4mt9h1be15geitov4le5ofd unique (provider, provider_id)
2026-09-21T12:38:42.565+09:00  INFO 17954 --- [auth-service] [           main] j.LocalContainerEntityManagerFactoryBean : Initialized JPA EntityManagerFactory for persistence unit 'default'
2026-09-21T12:38:44.383+09:00  WARN 17954 --- [auth-service] [           main] JpaBaseConfiguration$JpaWebConfiguration : spring.jpa.open-in-view is enabled by default. Therefore, database queries may be performed during view rendering. Explicitly configure spring.jpa.open-in-view to disable this warning
2026-09-21T12:38:45.318+09:00  INFO 17954 --- [auth-service] [           main] o.s.b.a.e.web.EndpointLinksResolver      : Exposing 1 endpoint beneath base path '/actuator'
2026-09-21T12:38:49.517+09:00  INFO 17954 --- [auth-service] [           main] c.p.auth.service.OrderCancellationTest   : Started OrderCancellationTest in 26.879 seconds (process running for 25.427)
2026-09-21T12:38:49.586+09:00  INFO 17954 --- [auth-service] [           main] c.projectx.auth.config.DataInitializer   : [Init] Starting data initialization and admin sync...
Hibernate: 
    select
        u1_0.id,
        u1_0.created_at,
        u1_0.email,
        u1_0.last_login_at,
        u1_0.password,
        u1_0.role,
        u1_0.status,
        u1_0.updated_at 
    from
        public.users u1_0 
    where
        u1_0.email=?
2026-09-21T12:38:49.797+09:00  INFO 17954 --- [auth-service] [           main] c.projectx.auth.config.DataInitializer   : [Init] Admin account already exists. Updating password and roles.
Hibernate: 
    select
        up1_0.user_id,
        up1_0.created_at,
        up1_0.encrypted_data,
        up1_0.kms_key_id,
        up1_0.updated_at 
    from
        public.user_profiles up1_0 
    where
        up1_0.user_id=?
2026-09-21T12:38:49.881+09:00  INFO 17954 --- [auth-service] [           main] c.projectx.auth.config.DataInitializer   : [Init] Starting admin profile sync for user: 93ccea10-93d8-48ce-bfaf-5db8f7f51c08
2026-09-21T12:38:49.922+09:00  WARN 17954 --- [auth-service] [           main] com.projectx.auth.service.KmsService     : [KMS] Encryption failed or skipped. Falling back to local AES encryption: KMS key or client not configured properly
2026-09-21T12:38:49.940+09:00  INFO 17954 --- [auth-service] [           main] c.projectx.auth.config.DataInitializer   : [Init] Admin profile successfully synced and saved for user ID: 93ccea10-93d8-48ce-bfaf-5db8f7f51c08
2026-09-21T12:38:49.940+09:00  INFO 17954 --- [auth-service] [           main] c.projectx.auth.config.DataInitializer   : [Init] Admin account sync completed for: admin@projectx.com
2026-09-21T12:38:49.940+09:00  INFO 17954 --- [auth-service] [           main] c.projectx.auth.config.DataInitializer   : [Init] Checking and creating sample data...
Hibernate: 
    select
        c1_0.id,
        c1_0.display_order,
        c1_0.name,
        c1_0.parent_id 
    from
        public.categories c1_0 
    where
        c1_0.name=?
Hibernate: 
    select
        c1_0.id,
        c1_0.display_order,
        c1_0.name,
        c1_0.parent_id 
    from
        public.categories c1_0 
    where
        c1_0.name=?
Hibernate: 
    select
        c1_0.id,
        c1_0.display_order,
        c1_0.name,
        c1_0.parent_id 
    from
        public.categories c1_0 
    where
        c1_0.name=?
Hibernate: 
    select
        c1_0.id,
        c1_0.display_order,
        c1_0.name,
        c1_0.parent_id 
    from
        public.categories c1_0 
    where
        c1_0.name=?
Hibernate: 
    select
        c1_0.id,
        c1_0.display_order,
        c1_0.name,
        c1_0.parent_id 
    from
        public.categories c1_0 
    where
        c1_0.name=?
Hibernate: 
    select
        c1_0.id,
        c1_0.display_order,
        c1_0.name,
        c1_0.parent_id 
    from
        public.categories c1_0 
    where
        c1_0.name=?
Hibernate: 
    select
        c1_0.id,
        c1_0.display_order,
        c1_0.name,
        c1_0.parent_id 
    from
        public.categories c1_0 
    where
        c1_0.name=?
Hibernate: 
    select
        c1_0.id,
        c1_0.display_order,
        c1_0.name,
        c1_0.parent_id 
    from
        public.categories c1_0 
    where
        c1_0.name=?
Hibernate: 
    select
        c1_0.id,
        c1_0.display_order,
        c1_0.name,
        c1_0.parent_id 
    from
        public.categories c1_0 
    where
        c1_0.name=?
2026-09-21T12:38:50.063+09:00  INFO 17954 --- [auth-service] [           main] c.projectx.auth.config.DataInitializer   : [Init] Registering new product: MacBook Pro 16 with image: https://images.unsplash.com/photo-1517336714731-489689fd1ca8
2026-09-21T12:38:50.064+09:00  INFO 17954 --- [auth-service] [           main] c.projectx.auth.config.DataInitializer   : [Init] Registering new product: LG gram 17 with image: https://images.unsplash.com/photo-1588872657578-7efd1f1555ed
2026-09-21T12:38:50.064+09:00  INFO 17954 --- [auth-service] [           main] c.projectx.auth.config.DataInitializer   : [Init] Registering new product: iPhone 15 Pro with image: https://images.unsplash.com/photo-1696446701796-da61225697cc
2026-09-21T12:38:50.064+09:00  INFO 17954 --- [auth-service] [           main] c.projectx.auth.config.DataInitializer   : [Init] Registering new product: Galaxy S24 Ultra with image: https://images.unsplash.com/photo-1610945265064-0e34e5519bbf
2026-09-21T12:38:50.064+09:00  INFO 17954 --- [auth-service] [           main] c.projectx.auth.config.DataInitializer   : [Init] Registering new product: 프리미엄 옥스퍼드 셔츠 with image: https://images.unsplash.com/photo-1596755094514-f87e34085b2c
2026-09-21T12:38:50.065+09:00  INFO 17954 --- [auth-service] [           main] c.projectx.auth.config.DataInitializer   : [Init] Registering new product: 슬림핏 셀비지 데님 with image: https://images.unsplash.com/photo-1542272604-787c3835535d
2026-09-21T12:38:50.065+09:00  INFO 17954 --- [auth-service] [           main] c.projectx.auth.config.DataInitializer   : [Init] Registering new product: 캐시미어 롱 코트 with image: https://images.unsplash.com/photo-1539533018447-63fcce2678e3
2026-09-21T12:38:50.066+09:00  INFO 17954 --- [auth-service] [           main] c.projectx.auth.config.DataInitializer   : [Init] Registering new product: 플로럴 쉬폰 원피스 with image: https://loremflickr.com/800/800/floral,dress
2026-09-21T12:38:50.066+09:00  INFO 17954 --- [auth-service] [           main] c.projectx.auth.config.DataInitializer   : [Init] Registering new product: 제주 유기농 감귤 5kg with image: https://images.unsplash.com/photo-1557800636-894a64c1696f
2026-09-21T12:38:50.066+09:00  INFO 17954 --- [auth-service] [           main] c.projectx.auth.config.DataInitializer   : [Init] Registering new product: 프리미엄 1등급 한우 세트 with image: https://images.unsplash.com/photo-1588168333986-5078d3ae3976
2026-09-21T12:38:50.066+09:00  INFO 17954 --- [auth-service] [           main] c.projectx.auth.config.DataInitializer   : [Init] Seeding reviews and QNAs...
2026-09-21T12:38:50.066+09:00  INFO 17954 --- [auth-service] [           main] c.projectx.auth.config.DataInitializer   : [Init] Reviews and QNAs seeding completed.
2026-09-21T12:38:50.067+09:00  INFO 17954 --- [auth-service] [           main] c.projectx.auth.config.DataInitializer   : [Init] Sample data sync and cleanup completed.
Hibernate: 
    update
        public.users 
    set
        email=?,
        last_login_at=?,
        password=?,
        role=?,
        status=?,
        updated_at=? 
    where
        id=?
]]></system-out>
    <system-err><![CDATA[WARNING: A Java agent has been loaded dynamically (/home/hjuk/.m2/repository/net/bytebuddy/byte-buddy-agent/1.15.10/byte-buddy-agent-1.15.10.jar)
WARNING: If a serviceability tool is in use, please run with -XX:+EnableDynamicAgentLoading to hide this warning
WARNING: If a serviceability tool is not in use, please run with -Djdk.instrument.traceUsage for more information
WARNING: Dynamic loading of agents will be disallowed by default in a future release
]]></system-err>
  </testcase>
  <testcase name="cancelOrder_Success" classname="com.projectx.auth.service.OrderCancellationTest" time="0.034">
    <system-out><![CDATA[2026-09-21T12:38:50.318+09:00  INFO 17954 --- [auth-service] [           main] com.projectx.auth.service.OrderService   : [Order] Cancelled order null (No: 20260921-TEST)
]]></system-out>
  </testcase>
</testsuite>